This is pdfTeX, Version 3.14159265-2.6-1.40.20 (TeX Live 2019/Debian) (preloaded format=pdflatex 2022.8.21)  22 AUG 2022 01:29
entering extended mode
 restricted \write18 enabled.
 %&-line parsing enabled.
**introduction_topic.tex
(/usr/share/texlive/texmf-dist/tex/latex/tools/x.tex
! Interruption.
<to be read again> 
                   \begingroup 
l.1 
    %%
? x
 
Here is how much of TeX's memory you used:
 8 strings out of 483183
 268 string characters out of 5966292
 231602 words of memory out of 5000000
 15122 multiletter control sequences out of 15000+600000
 532338 words of font info for 24 fonts, out of 8000000 for 9000
 14 hyphenation exceptions out of 8191
 3i,0n,1p,29b,6s stack positions out of 5000i,500n,10000p,200000b,80000s
No pages of output.
PDF statistics:
 0 PDF objects out of 1000 (max. 8388607)
 0 named destinations out of 1000 (max. 500000)
 1 words of extra memory for PDF output out of 10000 (max. 10000000)

